# JRE version: OpenJDK Runtime Environment Temurin-21.0.7+6 (21.0.7+6) (build 21.0.7+6-LTS)
# Java VM: OpenJDK 64-Bit Server VM Temurin-21.0.7+6 (21.0.7+6-LTS, mixed mode, sharing, tiered, compressed oops, compressed class ptrs, g1 gc, windows-amd64)
GC Precious Log:
 CardTable entry size: 512
 Card Set container configuration: InlinePtr #cards 5 size 8 Array Of Cards #cards 12 size 40 Howl #buckets 4 coarsen threshold 1843 Howl Bitmap #cards 512 size 80 coarsen threshold 460 Card regions per heap region 1 cards per card region 2048
 CPUs: 8 total, 8 available
 Memory: 5996M
 Large Page Support: Disabled
 NUMA Support: Disabled
 Compressed Oops: Enabled (32-bit)
 Heap Region Size: 1M
 Heap Min Capacity: 8M
 Heap Initial Capacity: 94M
 Heap Max Capacity: 1500M
 Pre-touch: Disabled
 Parallel Workers: 8
 Concurrent Workers: 2
 Concurrent Refinement Workers: 8
 Periodic GC: Disabled
Heap:
 garbage-first heap   total 77824K, used 40091K [0x00000000a2400000, 0x0000000100000000)
  region size 1024K, 6 young (6144K), 1 survivors (1024K)
 Metaspace       used 78506K, committed 79232K, reserved 1179648K
  class space    used 9374K, committed 9728K, reserved 1048576K
GC Heap History (20 events):
Event: 11717.973 GC heap before
{Heap before GC invocations=50 (full 0):
 garbage-first heap   total 77824K, used 70486K [0x00000000a2400000, 0x0000000100000000)
  region size 1024K, 33 young (33792K), 1 survivors (1024K)
 Metaspace       used 76879K, committed 77696K, reserved 1179648K
  class space    used 9191K, committed 9664K, reserved 1048576K
}
Event: 11718.036 GC heap after
{Heap after GC invocations=51 (full 0):
 garbage-first heap   total 77824K, used 37932K [0x00000000a2400000, 0x0000000100000000)
  region size 1024K, 1 young (1024K), 1 survivors (1024K)
 Metaspace       used 76879K, committed 77696K, reserved 1179648K
  class space    used 9191K, committed 9664K, reserved 1048576K
}
Event: 12208.930 GC heap before
{Heap before GC invocations=52 (full 0):
 garbage-first heap   total 77824K, used 70700K [0x00000000a2400000, 0x0000000100000000)
  region size 1024K, 33 young (33792K), 1 survivors (1024K)
 Metaspace       used 76889K, committed 77696K, reserved 1179648K
  class space    used 9188K, committed 9664K, reserved 1048576K
}
Event: 12208.961 GC heap after
{Heap after GC invocations=53 (full 0):
 garbage-first heap   total 77824K, used 37974K [0x00000000a2400000, 0x0000000100000000)
  region size 1024K, 1 young (1024K), 1 survivors (1024K)
 Metaspace       used 76889K, committed 77696K, reserved 1179648K
  class space    used 9188K, committed 9664K, reserved 1048576K
}
Event: 13761.557 GC heap before
{Heap before GC invocations=53 (full 0):
 garbage-first heap   total 77824K, used 70742K [0x00000000a2400000, 0x0000000100000000)
  region size 1024K, 33 young (33792K), 1 survivors (1024K)
 Metaspace       used 76954K, committed 77760K, reserved 1179648K
  class space    used 9189K, committed 9664K, reserved 1048576K
}
Event: 13761.620 GC heap after
{Heap after GC invocations=54 (full 0):
 garbage-first heap   total 77824K, used 37353K [0x00000000a2400000, 0x0000000100000000)
  region size 1024K, 1 young (1024K), 1 survivors (1024K)
 Metaspace       used 76954K, committed 77760K, reserved 1179648K
  class space    used 9189K, committed 9664K, reserved 1048576K
}
Event: 257095.803 GC heap before
{Heap before GC invocations=54 (full 0):
 garbage-first heap   total 77824K, used 70121K [0x00000000a2400000, 0x0000000100000000)
  region size 1024K, 33 young (33792K), 1 survivors (1024K)
 Metaspace       used 77078K, committed 77888K, reserved 1179648K
  class space    used 9201K, committed 9664K, reserved 1048576K
}
Event: 257096.769 GC heap after
{Heap after GC invocations=55 (full 0):
 garbage-first heap   total 77824K, used 37502K [0x00000000a2400000, 0x0000000100000000)
  region size 1024K, 1 young (1024K), 1 survivors (1024K)
 Metaspace       used 77078K, committed 77888K, reserved 1179648K
  class space    used 9201K, committed 9664K, reserved 1048576K
}
Event: 257566.254 GC heap before
{Heap before GC invocations=56 (full 0):
 garbage-first heap   total 77824K, used 70270K [0x00000000a2400000, 0x0000000100000000)
  region size 1024K, 33 young (33792K), 1 survivors (1024K)
 Metaspace       used 77120K, committed 77888K, reserved 1179648K
  class space    used 9199K, committed 9664K, reserved 1048576K
}
Event: 257566.380 GC heap after
{Heap after GC invocations=57 (full 0):
 garbage-first heap   total 77824K, used 37510K [0x00000000a2400000, 0x0000000100000000)
  region size 1024K, 1 young (1024K), 1 survivors (1024K)
 Metaspace       used 77120K, committed 77888K, reserved 1179648K
  class space    used 9199K, committed 9664K, reserved 1048576K
}
Event: 258009.420 GC heap before
{Heap before GC invocations=57 (full 0):
 garbage-first heap   total 77824K, used 70278K [0x00000000a2400000, 0x0000000100000000)
  region size 1024K, 33 young (33792K), 1 survivors (1024K)
 Metaspace       used 77167K, committed 77952K, reserved 1179648K
  class space    used 9202K, committed 9664K, reserved 1048576K
}
Event: 258009.544 GC heap after
{Heap after GC invocations=58 (full 0):
 garbage-first heap   total 77824K, used 37203K [0x00000000a2400000, 0x0000000100000000)
  region size 1024K, 1 young (1024K), 1 survivors (1024K)
 Metaspace       used 77167K, committed 77952K, reserved 1179648K
  class space    used 9202K, committed 9664K, reserved 1048576K
}
Event: 258530.225 GC heap before
{Heap before GC invocations=58 (full 0):
 garbage-first heap   total 77824K, used 70995K [0x00000000a2400000, 0x0000000100000000)
  region size 1024K, 34 young (34816K), 1 survivors (1024K)
 Metaspace       used 77178K, committed 77952K, reserved 1179648K
  class space    used 9203K, committed 9664K, reserved 1048576K
}
Event: 258532.004 GC heap after
{Heap after GC invocations=59 (full 0):
 garbage-first heap   total 77824K, used 37424K [0x00000000a2400000, 0x0000000100000000)
  region size 1024K, 1 young (1024K), 1 survivors (1024K)
 Metaspace       used 77178K, committed 77952K, reserved 1179648K
  class space    used 9203K, committed 9664K, reserved 1048576K
}
Event: 258560.427 GC heap before
{Heap before GC invocations=60 (full 0):
 garbage-first heap   total 77824K, used 39472K [0x00000000a2400000, 0x0000000100000000)
  region size 1024K, 3 young (3072K), 1 survivors (1024K)
 Metaspace       used 77175K, committed 77952K, reserved 1179648K
  class space    used 9202K, committed 9664K, reserved 1048576K
}
Event: 258560.441 GC heap after
{Heap after GC invocations=61 (full 0):
 garbage-first heap   total 77824K, used 37446K [0x00000000a2400000, 0x0000000100000000)
  region size 1024K, 1 young (1024K), 1 survivors (1024K)
 Metaspace       used 77175K, committed 77952K, reserved 1179648K
  class space    used 9202K, committed 9664K, reserved 1048576K
}
Event: 258977.307 GC heap before
{Heap before GC invocations=61 (full 0):
 garbage-first heap   total 77824K, used 70214K [0x00000000a2400000, 0x0000000100000000)
  region size 1024K, 33 young (33792K), 1 survivors (1024K)
 Metaspace       used 77223K, committed 78016K, reserved 1179648K
  class space    used 9202K, committed 9664K, reserved 1048576K
}
Event: 258977.453 GC heap after
{Heap after GC invocations=62 (full 0):
 garbage-first heap   total 77824K, used 37241K [0x00000000a2400000, 0x0000000100000000)
  region size 1024K, 1 young (1024K), 1 survivors (1024K)
 Metaspace       used 77223K, committed 78016K, reserved 1179648K
  class space    used 9202K, committed 9664K, reserved 1048576K
}
Event: 259482.351 GC heap before
{Heap before GC invocations=62 (full 0):
 garbage-first heap   total 77824K, used 71033K [0x00000000a2400000, 0x0000000100000000)
  region size 1024K, 34 young (34816K), 1 survivors (1024K)
 Metaspace       used 77294K, committed 78080K, reserved 1179648K
  class space    used 9214K, committed 9664K, reserved 1048576K
}
Event: 259482.474 GC heap after
{Heap after GC invocations=63 (full 0):
 garbage-first heap   total 77824K, used 37019K [0x00000000a2400000, 0x0000000100000000)
  region size 1024K, 1 young (1024K), 1 survivors (1024K)
 Metaspace       used 77294K, committed 78080K, reserved 1179648K
  class space    used 9214K, committed 9664K, reserved 1048576K
}

